2023-11-05 22:05:34 INFO::Writing function arguments to log file
2023-11-05 22:05:34 DEBUG::Function arguments
2023-11-05 22:05:34 DEBUG::Output folder: /Users/liztown/Documents/KalanLab/CHG-SSI_Study/16S_Seq/CHGstudy16Sanalysis_FINAL/MAASLIN/PMAxxV.None/SurgeryDay_CHG_PMAxxNone_Genus_maslin
2023-11-05 22:05:34 DEBUG::Min Abundance: 0.010000
2023-11-05 22:05:34 DEBUG::Min Prevalence: 0.100000
2023-11-05 22:05:34 DEBUG::Normalization: TSS
2023-11-05 22:05:34 DEBUG::Transform: LOG
2023-11-05 22:05:34 DEBUG::Analysis method: LM
2023-11-05 22:05:34 DEBUG::Max significance: 0.250000
2023-11-05 22:05:34 DEBUG::Random effects: SpecificSubjectSample
2023-11-05 22:05:34 DEBUG::Fixed effects: PMAxx
2023-11-05 22:05:34 DEBUG::Correction method: BH
2023-11-05 22:05:34 DEBUG::Standardize: TRUE
2023-11-05 22:05:34 DEBUG::Cores: 1
2023-11-05 22:05:34 INFO::Verifying options selected are valid
2023-11-05 22:05:34 INFO::Determining format of input files
2023-11-05 22:05:34 INFO::Input format is data samples as rows and metadata samples as rows
2023-11-05 22:05:34 DEBUG::The following samples were found to have features but no metadata. They will be removed. LK16S009-001,LK16S009-002,LK16S009-009,LK16S009-010,LK16S009-017,LK16S009-018,LK16S009-025,LK16S009-026,LK16S009-033,LK16S009-034,LK16S009-035,LK16S009-036,LK16S009-041,LK16S009-042,LK16S009-043,LK16S009-044,LK16S009-051,LK16S009-052,LK16S009-053,LK16S009-054,LK16S009-059,LK16S009-060,LK16S009-061,LK16S009-062,LK16S009-069,LK16S009-070,LK16S009-071,LK16S009-072,LK16S009-077,LK16S009-078,LK16S009-079,LK16S009-080,LK16S009-087,LK16S009-088,LK16S009-095,LK16S009-096,LK16S009-097,LK16S009-098,LK16S009-103,LK16S009-104,LK16S009-105,LK16S009-106,LK16S009-111,LK16S009-112,LK16S009-119,LK16S009-120,LK16S009-127,LK16S009-128,LK16S009-129,LK16S009-130,LK16S009-137,LK16S009-138,LK16S009-145,LK16S009-146,LK16S009-147,LK16S009-148,LK16S009-153,LK16S009-154,LK16S009-155,LK16S009-156,LK16S009-163,LK16S009-164,LK16S009-165,LK16S009-166,LK16S009-171,LK16S009-172,LK16S009-173,LK16S009-174,LK16S011-001,LK16S011-002,LK16S011-009,LK16S011-010,LK16S011-017,LK16S011-018,LK16S011-025,LK16S011-026,LK16S011-033,LK16S011-034,LK16S011-035,LK16S011-041,LK16S011-042,LK16S011-043,LK16S011-053,LK16S011-054,LK16S011-055,LK16S011-061,LK16S011-062,LK16S011-063,LK16S011-065,LK16S011-066,LK16S011-073,LK16S011-074,LK16S011-081,LK16S011-082,LK16S011-089,LK16S011-090,LK16S011-097,LK16S011-098,LK16S011-105,LK16S011-106,LK16S011-113,LK16S011-114,LK16S011-121,LK16S011-122,LK16S011-129,LK16S011-130,LK16S011-131,LK16S011-132,LK16S011-137,LK16S011-138,LK16S011-139,LK16S011-140,LK16S011-147,LK16S011-148,LK16S011-149,LK16S011-150,LK16S011-155,LK16S011-156,LK16S011-157,LK16S011-158,LK16S011-165,LK16S011-166,LK16S011-167,LK16S011-168,LK16S011-173,LK16S011-174,LK16S011-175,LK16S011-176,LK16S011-183,LK16S011-184,LK16S011-191,LK16S011-192,LK16S011-193,LK16S011-194,LK16S011-201,LK16S011-202,LK16S011-209,LK16S011-210,LK16S011-217,LK16S011-218,LK16S011-225,LK16S011-226,LK16S011-227,LK16S011-228,LK16S011-233,LK16S011-234,LK16S011-235,LK16S011-236,LK16S011-243,LK16S011-244,LK16S011-245,LK16S011-246,LK16S011-251,LK16S011-252,LK16S011-253,LK16S011-254,LK16S011-261,LK16S011-262,LK16S011-263,LK16S011-264,LK16S011-269,LK16S011-270,LK16S011-271,LK16S011-272,LK16S011-279,LK16S011-280,LK16S011-287,LK16S011-288,LK16S011-289,LK16S011-290,LK16S011-297,LK16S011-298,LK16S011-305,LK16S011-306,LK16S011-313,LK16S011-314,LK16S011-321,LK16S011-322,LK16S011-323,LK16S011-324,LK16S011-329,LK16S011-330,LK16S011-331,LK16S011-332,LK16S011-339,LK16S011-340,LK16S011-342,LK16S011-343,LK16S011-347,LK16S011-348,LK16S011-350,LK16S011-351,LK16S011-358,LK16S011-359,LK16S011-366,LK16S011-367,LK16S011-384
2023-11-05 22:05:34 DEBUG::A total of 350 samples were found in both the data and metadata
2023-11-05 22:05:34 DEBUG::Reordering data/metadata to use same sample ordering
2023-11-05 22:05:34 INFO::Formula for random effects: expr ~ (1 | SpecificSubjectSample)
2023-11-05 22:05:34 INFO::Formula for fixed effects: expr ~  PMAxx
2023-11-05 22:05:34 INFO::Filter data based on min abundance and min prevalence
2023-11-05 22:05:34 INFO::Total samples in data: 350
2023-11-05 22:05:34 INFO::Min samples required with min abundance for a feature not to be filtered: 35.000000
2023-11-05 22:05:34 INFO::Total filtered features: 126
2023-11-05 22:05:34 INFO::Filtered feature names from abundance and prevalence filtering: Eubacterium_nodatum_group, X0319.6G20, Abiotrophia, Actinomyces, Aerococcus, Aeromonas, Agathobacter, Alkanindiges, Alloprevotella, Amaricoccus, Anoxybacillus, Atopobium, Aureimonas, Auricoccus.Abyssicoccus, Azospirillum, Bacteroides, Bifidobacterium, Blastococcus, Blautia, Bosea, Brevibacillus, Brevibacterium, Brochothrix, Burkholderia.Caballeronia.Paraburkholderia, Campylobacter, Capnocytophaga, Caulobacter, Clostridium_sensu_stricto_1, Collinsella, Comamonas, Deinococcus, Delftia, Denitratisoma, Dermabacter, Dermacoccus, Dolosigranulum, Dorea, DSSD61, Enterobacter, Enterococcus, Eremococcus, Ezakiella, Facklamia, Faecalibacterium, Fastidiosipila, Fenollaria, Fusicatenibacter, Fusobacterium, Gardnerella, Gemella, Gordonia, Granulicatella, Haematobacter, Haemophilus, Helcococcus, Intestinibacter, Janthinobacterium, Jeotgalicoccus, JG30.KF.CM45, KD4.96, Klebsiella, Klenkia, Kytococcus, Lachnoanaerobaculum, Lactobacillus, Lactococcus, Lautropia, Lawsonella, Leptotrichia, Leuconostoc, Luteimonas, Macrococcus, Marmoricola, Massilia, Meiothermus, Methylocella, Methylophilus, Microbacterium, Millisia, Mobilicoccus, Moraxella, Murdochiella, Muricoccus, Mycobacterium, Mycoplasma, Negativicoccus, Neisseria, Nesterenkonia, Oribacterium, Ornithinimicrobium, Ottowia, Pantoea, Pedobacter, Pelomonas, Peptostreptococcus, Phreatobacter, Porphyromonas, Prevotella, Pseudoclavibacter, Pseudoglutamicibacter, Pseudorhodoplanes, Pseudoxanthomonas, Puia, Raoultella, Rhodococcus, Romboutsia, Roseomonas, Rothia, Ruminococcus, S5.A14a, Saccharimonadales, Selenomonas, Serratia, Skermanella, Sphingobacterium, Stenotrophomonas, Stomatobaculum, Subdoligranulum, Terrisporobacter, Turicibacter, Varibaculum, Veillonella, Weissella, WPS.2, Xanthomonas, Yimella
2023-11-05 22:05:34 INFO::Total filtered features with variance filtering: 1
2023-11-05 22:05:34 INFO::Filtered feature names from variance filtering: SampleID
2023-11-05 22:05:34 INFO::Running selected normalization method: TSS
2023-11-05 22:05:34 INFO::Applying z-score to standardize continuous metadata
2023-11-05 22:05:34 INFO::Running selected transform method: LOG
2023-11-05 22:05:34 INFO::Running selected analysis method: LM
2023-11-05 22:05:34 INFO::Fitting model to feature number 1, Acinetobacter
2023-11-05 22:05:34 INFO::Fitting model to feature number 2, Afipia
2023-11-05 22:05:34 INFO::Fitting model to feature number 3, Anaerococcus
2023-11-05 22:05:35 INFO::Fitting model to feature number 4, Bacillus
2023-11-05 22:05:35 INFO::Fitting model to feature number 5, Brachybacterium
2023-11-05 22:05:35 INFO::Fitting model to feature number 6, Brevundimonas
2023-11-05 22:05:35 INFO::Fitting model to feature number 7, Corynebacterium
2023-11-05 22:05:35 INFO::Fitting model to feature number 8, Cutibacterium
2023-11-05 22:05:35 INFO::Fitting model to feature number 9, Dietzia
2023-11-05 22:05:36 INFO::Fitting model to feature number 10, Escherichia.Shigella
2023-11-05 22:05:36 INFO::Fitting model to feature number 11, Finegoldia
2023-11-05 22:05:36 INFO::Fitting model to feature number 12, Kocuria
2023-11-05 22:05:36 INFO::Fitting model to feature number 13, Methylobacterium.Methylorubrum
2023-11-05 22:05:36 INFO::Fitting model to feature number 14, Micrococcus
2023-11-05 22:05:37 INFO::Fitting model to feature number 15, Paracoccus
2023-11-05 22:05:37 INFO::Fitting model to feature number 16, Peptoniphilus
2023-11-05 22:05:37 INFO::Fitting model to feature number 17, Pseudomonas
2023-11-05 22:05:37 INFO::Fitting model to feature number 18, Staphylococcus
2023-11-05 22:05:37 INFO::Fitting model to feature number 19, Streptococcus
2023-11-05 22:05:38 INFO::Fitting model to feature number 20, Streptomyces
2023-11-05 22:05:38 INFO::Fitting model to feature number 21, uncultured
2023-11-05 22:05:38 INFO::Counting total values for each feature
2023-11-05 22:05:38 INFO::Writing residuals to file /Users/liztown/Documents/KalanLab/CHG-SSI_Study/16S_Seq/CHGstudy16Sanalysis_FINAL/MAASLIN/PMAxxV.None/SurgeryDay_CHG_PMAxxNone_Genus_maslin/residuals.rds
2023-11-05 22:05:38 INFO::Writing fitted values to file /Users/liztown/Documents/KalanLab/CHG-SSI_Study/16S_Seq/CHGstudy16Sanalysis_FINAL/MAASLIN/PMAxxV.None/SurgeryDay_CHG_PMAxxNone_Genus_maslin/fitted.rds
2023-11-05 22:05:38 INFO::Writing extracted random effects to file /Users/liztown/Documents/KalanLab/CHG-SSI_Study/16S_Seq/CHGstudy16Sanalysis_FINAL/MAASLIN/PMAxxV.None/SurgeryDay_CHG_PMAxxNone_Genus_maslin/ranef.rds
2023-11-05 22:05:38 INFO::Writing all results to file (ordered by increasing q-values): /Users/liztown/Documents/KalanLab/CHG-SSI_Study/16S_Seq/CHGstudy16Sanalysis_FINAL/MAASLIN/PMAxxV.None/SurgeryDay_CHG_PMAxxNone_Genus_maslin/all_results.tsv
2023-11-05 22:05:38 INFO::Writing the significant results (those which are less than or equal to the threshold of 0.250000 ) to file (ordered by increasing q-values): /Users/liztown/Documents/KalanLab/CHG-SSI_Study/16S_Seq/CHGstudy16Sanalysis_FINAL/MAASLIN/PMAxxV.None/SurgeryDay_CHG_PMAxxNone_Genus_maslin/significant_results.tsv
2023-11-05 22:05:38 INFO::Writing heatmap of significant results to file: /Users/liztown/Documents/KalanLab/CHG-SSI_Study/16S_Seq/CHGstudy16Sanalysis_FINAL/MAASLIN/PMAxxV.None/SurgeryDay_CHG_PMAxxNone_Genus_maslin/heatmap.pdf
2023-11-05 22:05:38 INFO::Writing association plots (one for each significant association) to output folder: /Users/liztown/Documents/KalanLab/CHG-SSI_Study/16S_Seq/CHGstudy16Sanalysis_FINAL/MAASLIN/PMAxxV.None/SurgeryDay_CHG_PMAxxNone_Genus_maslin
2023-11-05 22:05:38 INFO::Plotting associations from most to least significant, grouped by metadata
2023-11-05 22:05:38 INFO::Plotting data for metadata number 1, PMAxx
2023-11-05 22:05:38 INFO::Creating boxplot for categorical data, PMAxx vs Acinetobacter
2023-11-05 22:05:39 INFO::Creating boxplot for categorical data, PMAxx vs Escherichia.Shigella
2023-11-05 22:05:40 INFO::Creating boxplot for categorical data, PMAxx vs Corynebacterium
2023-11-05 22:05:40 INFO::Creating boxplot for categorical data, PMAxx vs Micrococcus
2023-11-05 22:05:41 INFO::Creating boxplot for categorical data, PMAxx vs Paracoccus
2023-11-05 22:05:41 INFO::Creating boxplot for categorical data, PMAxx vs Staphylococcus
2023-11-05 22:05:41 INFO::Creating boxplot for categorical data, PMAxx vs Anaerococcus
2023-11-05 22:05:42 INFO::Creating boxplot for categorical data, PMAxx vs Bacillus
2023-11-05 22:05:42 INFO::Creating boxplot for categorical data, PMAxx vs Afipia
2023-11-05 22:05:43 INFO::Creating boxplot for categorical data, PMAxx vs Brachybacterium
2023-11-05 22:05:43 INFO::Creating boxplot for categorical data, PMAxx vs Dietzia
2023-11-05 22:05:44 INFO::Creating boxplot for categorical data, PMAxx vs Finegoldia
2023-11-05 22:05:45 INFO::Creating boxplot for categorical data, PMAxx vs Kocuria
2023-11-05 22:05:46 INFO::Creating boxplot for categorical data, PMAxx vs Cutibacterium
2023-11-05 22:05:47 INFO::Creating boxplot for categorical data, PMAxx vs Peptoniphilus
2023-11-05 22:05:47 INFO::Creating boxplot for categorical data, PMAxx vs Streptococcus
2023-11-05 22:05:47 INFO::Creating boxplot for categorical data, PMAxx vs Brevundimonas
2023-11-05 22:05:48 INFO::Creating boxplot for categorical data, PMAxx vs Streptomyces
2023-11-05 22:05:49 INFO::Creating boxplot for categorical data, PMAxx vs uncultured
2023-11-05 22:05:50 INFO::Creating boxplot for categorical data, PMAxx vs Pseudomonas
2023-11-05 22:05:51 INFO::Creating boxplot for categorical data, PMAxx vs Methylobacterium.Methylorubrum
